<?xml version="1.0" encoding="UTF-8"?>
<testng-results total="1" passed="1" failed="0" skipped="0">
  <reporter-output>
  </reporter-output>
  <suite started-at="2023-02-07T07:24:35Z" name="Parallel Test Suite" finished-at="2023-02-07T07:24:48Z" duration-ms="13190">
    <groups>
    </groups>
    <test started-at="2023-02-07T07:24:35Z" name="First Test Run" finished-at="2023-02-07T07:24:48Z" duration-ms="13190">
      <class name="training.FirstSeleniumJavaTest">
        <test-method is-config="true" signature="beforeTest()[pri:0, instance:training.FirstSeleniumJavaTest@78dd667e]" started-at="2023-02-07T15:24:35Z" name="beforeTest" finished-at="2023-02-07T15:24:37Z" duration-ms="2608" status="PASS">
          <reporter-output>
          </reporter-output>
        </test-method> <!-- beforeTest -->
        <test-method signature="TestChromeDriver()[pri:0, instance:training.FirstSeleniumJavaTest@78dd667e]" started-at="2023-02-07T15:24:37Z" name="TestChromeDriver" finished-at="2023-02-07T15:24:48Z" duration-ms="10477" status="PASS">
          <reporter-output>
          </reporter-output>
        </test-method> <!-- TestChromeDriver -->
        <test-method is-config="true" signature="afterTest()[pri:0, instance:training.FirstSeleniumJavaTest@78dd667e]" started-at="2023-02-07T15:24:48Z" name="afterTest" finished-at="2023-02-07T15:24:48Z" duration-ms="97" status="PASS">
          <reporter-output>
          </reporter-output>
        </test-method> <!-- afterTest -->
      </class> <!-- training.FirstSeleniumJavaTest -->
    </test> <!-- First Test Run -->
  </suite> <!-- Parallel Test Suite -->
</testng-results>
